2023-08-17 20:46:07,597 [Worker-3: Loading available Gradle versions] INFO  o.e.b.c.i.u.g.PublishedGradleVersions - Gradle version information cache is out-of-date. Trying to update.
2023-08-17 20:46:10,405 [Worker-3: Loading available Gradle versions] ERROR o.e.b.c.i.u.g.PublishedGradleVersions - Cannot write Gradle version information cache file.
java.io.FileNotFoundException: C:\Users\User\.cache\tooling\gradle\versions.json (Acesso negado)
	at java.base/java.io.FileOutputStream.open0(Native Method) ~[na:na]
	at java.base/java.io.FileOutputStream.open(FileOutputStream.java:293) ~[na:na]
	at java.base/java.io.FileOutputStream.<init>(FileOutputStream.java:235) ~[na:na]
	at com.google.common.io.Files$FileByteSink.openStream(Files.java:195) ~[na:na]
	at com.google.common.io.Files$FileByteSink.openStream(Files.java:183) ~[na:na]
	at com.google.common.io.ByteSink$AsCharSink.openStream(ByteSink.java:150) ~[na:na]
	at com.google.common.io.CharSource$StringCharSource.copyTo(CharSource.java:667) ~[na:na]
	at org.eclipse.buildship.core.internal.util.gradle.PublishedGradleVersions.storeCacheVersionsFile(PublishedGradleVersions.java:184) ~[na:na]
	at org.eclipse.buildship.core.internal.util.gradle.PublishedGradleVersions.tryToDownloadAndCacheVersions(PublishedGradleVersions.java:150) ~[na:na]
	at org.eclipse.buildship.core.internal.util.gradle.PublishedGradleVersions.tryToUpdateOutdatedVersionsFile(PublishedGradleVersions.java:133) ~[na:na]
	at org.eclipse.buildship.core.internal.util.gradle.PublishedGradleVersions.create(PublishedGradleVersions.java:117) ~[na:na]
	at org.eclipse.buildship.core.internal.util.gradle.PublishedGradleVersionsWrapper$LoadVersionsJob.run(PublishedGradleVersionsWrapper.java:60) ~[na:na]
	at org.eclipse.core.internal.jobs.Worker.run(Worker.java:63) ~[org.eclipse.core.jobs_3.13.100.v20220817-1539.jar:na]
2023-08-18 07:21:06,011 [Worker-7: Loading available Gradle versions] INFO  o.e.b.c.i.u.g.PublishedGradleVersions - Gradle version information cache is out-of-date. Trying to update.
2023-08-18 07:21:08,797 [Worker-7: Loading available Gradle versions] ERROR o.e.b.c.i.u.g.PublishedGradleVersions - Cannot write Gradle version information cache file.
java.io.FileNotFoundException: C:\Users\User\.cache\tooling\gradle\versions.json (Acesso negado)
	at java.base/java.io.FileOutputStream.open0(Native Method) ~[na:na]
	at java.base/java.io.FileOutputStream.open(FileOutputStream.java:293) ~[na:na]
	at java.base/java.io.FileOutputStream.<init>(FileOutputStream.java:235) ~[na:na]
	at com.google.common.io.Files$FileByteSink.openStream(Files.java:195) ~[na:na]
	at com.google.common.io.Files$FileByteSink.openStream(Files.java:183) ~[na:na]
	at com.google.common.io.ByteSink$AsCharSink.openStream(ByteSink.java:150) ~[na:na]
	at com.google.common.io.CharSource$StringCharSource.copyTo(CharSource.java:667) ~[na:na]
	at org.eclipse.buildship.core.internal.util.gradle.PublishedGradleVersions.storeCacheVersionsFile(PublishedGradleVersions.java:184) ~[na:na]
	at org.eclipse.buildship.core.internal.util.gradle.PublishedGradleVersions.tryToDownloadAndCacheVersions(PublishedGradleVersions.java:150) ~[na:na]
	at org.eclipse.buildship.core.internal.util.gradle.PublishedGradleVersions.tryToUpdateOutdatedVersionsFile(PublishedGradleVersions.java:133) ~[na:na]
	at org.eclipse.buildship.core.internal.util.gradle.PublishedGradleVersions.create(PublishedGradleVersions.java:117) ~[na:na]
	at org.eclipse.buildship.core.internal.util.gradle.PublishedGradleVersionsWrapper$LoadVersionsJob.run(PublishedGradleVersionsWrapper.java:60) ~[na:na]
	at org.eclipse.core.internal.jobs.Worker.run(Worker.java:63) ~[org.eclipse.core.jobs_3.13.100.v20220817-1539.jar:na]
